project/Flashlight/app/build/outputs/logs/manifest-merger-debug-report.txt
-- Merging decision tree log ---
manifest
ADDED from src\main\AndroidManifest.xml:2:1-69:12
INJECTED from src\main\AndroidManifest.xml:2:1-69:12
INJECTED from src\main\AndroidManifest.xml:2:1-69:12
INJECTED from src\main\AndroidManifest.xml:2:1-69:12
INJECTED from src\main\AndroidManifest.xml:2:1-69:12
INJECTED from src\main\AndroidManifest.xml:2:1-69:12
INJECTED from src\main\AndroidManifest.xml:2:1-69:12
	package
		ADDED from src\main\AndroidManifest.xml:3:5-33
		INJECTED from src\main\AndroidManifest.xml
		INJECTED from src\main\AndroidManifest.xml
	android:versionName
		ADDED from src\main\AndroidManifest.xml:5:5-30
		INJECTED from src\main\AndroidManifest.xml
		INJECTED from src\main\AndroidManifest.xml
	xmlns:android
		ADDED from src\main\AndroidManifest.xml:2:11-69
	android:versionCode
		ADDED from src\main\AndroidManifest.xml:4:5-28
		INJECTED from src\main\AndroidManifest.xml
		INJECTED from src\main\AndroidManifest.xml
uses-sdk
ADDED from src\main\AndroidManifest.xml:7:5-9:41
INJECTED from src\main\AndroidManifest.xml:7:5-9:41
INJECTED from src\main\AndroidManifest.xml:7:5-9:41
INJECTED from src\main\AndroidManifest.xml:7:5-9:41
INJECTED from src\main\AndroidManifest.xml:7:5-9:41
	android:targetSdkVersion
		ADDED from src\main\AndroidManifest.xml:9:9-38
		INJECTED from src\main\AndroidManifest.xml
		INJECTED from src\main\AndroidManifest.xml
	android:minSdkVersion
		ADDED from src\main\AndroidManifest.xml:8:9-34
		INJECTED from src\main\AndroidManifest.xml
		INJECTED from src\main\AndroidManifest.xml
uses-permission#android.permission.INTERNET
ADDED from src\main\AndroidManifest.xml:10:2-63
	android:name
		ADDED from src\main\AndroidManifest.xml:10:19-61
uses-permission#android.permission.ACCESS_NETWORK_STATE
ADDED from src\main\AndroidManifest.xml:11:2-75
	android:name
		ADDED from src\main\AndroidManifest.xml:11:19-73
uses-permission#android.permission.CAMERA
ADDED from src\main\AndroidManifest.xml:12:2-61
	android:name
		ADDED from src\main\AndroidManifest.xml:12:19-59
application
ADDED from src\main\AndroidManifest.xml:14:5-67:19
	android:label
		ADDED from src\main\AndroidManifest.xml:17:9-41
	android:icon
		ADDED from src\main\AndroidManifest.xml:16:9-45
	android:allowBackup
		ADDED from src\main\AndroidManifest.xml:15:9-35
receiver#com.flashlightfree.WidgetProvider
ADDED from src\main\AndroidManifest.xml:20:9-27:20
	android:name
		ADDED from src\main\AndroidManifest.xml:20:19-67
intent-filter#android.appwidget.action.APPWIDGET_UPDATE+com.flashlightfree.action.widget.click
ADDED from src\main\AndroidManifest.xml:21:13-24:29
action#com.flashlightfree.action.widget.click
ADDED from src\main\AndroidManifest.xml:22:17-80
	android:name
		ADDED from src\main\AndroidManifest.xml:22:25-78
action#android.appwidget.action.APPWIDGET_UPDATE
ADDED from src\main\AndroidManifest.xml:23:17-84
	android:name
		ADDED from src\main\AndroidManifest.xml:23:25-81
meta-data#android.appwidget.provider
ADDED from src\main\AndroidManifest.xml:25:13-26:50
	android:resource
		ADDED from src\main\AndroidManifest.xml:26:17-47
	android:name
		ADDED from src\main\AndroidManifest.xml:25:24-65
activity#com.flashlightfree.Main
ADDED from src\main\AndroidManifest.xml:29:9-38:20
	android:screenOrientation
		ADDED from src\main\AndroidManifest.xml:31:13-49
	android:label
		ADDED from src\main\AndroidManifest.xml:33:13-45
	android:theme
		ADDED from src\main\AndroidManifest.xml:32:13-60
	android:name
		ADDED from src\main\AndroidManifest.xml:30:13-51
intent-filter#android.intent.action.MAIN+android.intent.category.LAUNCHER
ADDED from src\main\AndroidManifest.xml:34:13-37:29
action#android.intent.action.MAIN
ADDED from src\main\AndroidManifest.xml:35:17-69
	android:name
		ADDED from src\main\AndroidManifest.xml:35:25-66
category#android.intent.category.LAUNCHER
ADDED from src\main\AndroidManifest.xml:36:17-77
	android:name
		ADDED from src\main\AndroidManifest.xml:36:27-74
activity#com.flashlightfree.Fun1
ADDED from src\main\AndroidManifest.xml:40:9-43:53
	android:screenOrientation
		ADDED from src\main\AndroidManifest.xml:41:13-49
	android:label
		ADDED from src\main\AndroidManifest.xml:40:19-35
	android:theme
		ADDED from src\main\AndroidManifest.xml:42:13-71
	android:name
		ADDED from src\main\AndroidManifest.xml:43:13-51
activity#com.flashlightfree.Fun2
ADDED from src\main\AndroidManifest.xml:45:17-48:53
	android:screenOrientation
		ADDED from src\main\AndroidManifest.xml:46:13-49
	android:label
		ADDED from src\main\AndroidManifest.xml:45:27-43
	android:theme
		ADDED from src\main\AndroidManifest.xml:47:13-71
	android:name
		ADDED from src\main\AndroidManifest.xml:48:13-51
activity#com.flashlightfree.Fun3
ADDED from src\main\AndroidManifest.xml:50:17-53:53
	android:screenOrientation
		ADDED from src\main\AndroidManifest.xml:51:13-49
	android:label
		ADDED from src\main\AndroidManifest.xml:50:27-43
	android:theme
		ADDED from src\main\AndroidManifest.xml:52:13-71
	android:name
		ADDED from src\main\AndroidManifest.xml:53:13-51
activity#com.flashlightfree.Fun4
ADDED from src\main\AndroidManifest.xml:55:17-58:53
	android:screenOrientation
		ADDED from src\main\AndroidManifest.xml:56:13-49
	android:label
		ADDED from src\main\AndroidManifest.xml:55:27-43
	android:theme
		ADDED from src\main\AndroidManifest.xml:57:13-71
	android:name
		ADDED from src\main\AndroidManifest.xml:58:13-51
activity#com.flashlightfree.Recommend
ADDED from src\main\AndroidManifest.xml:61:33-64:58
	android:screenOrientation
		ADDED from src\main\AndroidManifest.xml:62:13-49
	android:label
		ADDED from src\main\AndroidManifest.xml:61:43-59
	android:theme
		ADDED from src\main\AndroidManifest.xml:63:13-60
	android:name
		ADDED from src\main\AndroidManifest.xml:64:13-56
activity#com.google.ads.AdActivity
ADDED from src\main\AndroidManifest.xml:66:9-171
	android:configChanges
		ADDED from src\main\AndroidManifest.xml:66:60-169
	android:name
		ADDED from src\main\AndroidManifest.xml:66:19-59